<?xml version="1.0" encoding="UTF-8"?>
<!-- Generated by org.testng.reporters.JUnitReportReporter -->
<testsuite hostname="LAPTOP-NHN3ETP0" failures="0" tests="1" name="day7.DragAndDrop" time="8.035" errors="0" timestamp="2023-07-06T07:58:09 IST" skipped="0">
  <testcase classname="day7.DragAndDrop" name="Tc1" time="8.035"/>
  <system-out/>
</testsuite> <!-- day7.DragAndDrop -->
