<?xml version="1.0" encoding="UTF-8"?>
<!-- Generated by org.testng.reporters.JUnitReportReporter -->
<testsuite hostname="LAPTOP-NHN3ETP0" failures="0" tests="1" name="day7.FindLinksFromDropdown" time="6.190" errors="0" timestamp="2023-07-06T08:21:58 IST" skipped="0">
  <testcase classname="day7.FindLinksFromDropdown" name="Tc1" time="6.190"/>
  <system-out/>
</testsuite> <!-- day7.FindLinksFromDropdown -->
