<?xml version="1.0" encoding="UTF-8"?>
<!-- Generated by org.testng.reporters.JUnitReportReporter -->
<testsuite hostname="LAPTOP-NHN3ETP0" failures="0" tests="1" name="day7.BrokenLinks" time="21.150" errors="0" timestamp="2023-07-12T21:14:12 IST" skipped="0">
  <testcase classname="day7.BrokenLinks" name="Tc1" time="21.150"/>
</testsuite> <!-- day7.BrokenLinks -->
