<?xml version="1.0" encoding="UTF-8"?>
<!-- Generated by org.testng.reporters.JUnitReportReporter -->
<testsuite hostname="LAPTOP-NHN3ETP0" failures="0" tests="1" name="day7.MouseHover" time="6.344" errors="0" timestamp="2023-07-06T10:42:54 IST" skipped="0">
  <testcase classname="day7.MouseHover" name="Tc1" time="6.344"/>
  <system-out/>
</testsuite> <!-- day7.MouseHover -->
