<?xml version="1.0" encoding="UTF-8"?>
<!-- Generated by org.testng.reporters.JUnitReportReporter -->
<testsuite hostname="LAPTOP-NHN3ETP0" failures="0" tests="1" name="day7.frames" time="20.626" errors="0" timestamp="2023-07-06T10:22:26 IST" skipped="0">
  <testcase classname="day7.frames" name="TC1" time="20.626"/>
  <system-out/>
</testsuite> <!-- day7.frames -->
